Login successfully
Login :admin
Server   :http://192.168.149.133/plm
Database :TLTC_CADIntegration
Updating the list of Packages for target database 
Expanding the list of existing packages
Start of importing packages
Sending the log file to Vault Server
Log file was sent successfully to Vault Server
start of execution : 3/21/2018 1:36:37 PM
Set "Root" value  for "Logon Allowed To" variable
Updating tltc.cad.integration to 'inprogress' release status
       ****Import with merge option tltc.cad.integration****
Set "World" value  for "Logon Allowed To" variable
          ****ErrorMessage****
       Unexpected XML declaration. The XML declaration must be the first node in the document, and no white space characters are allowed to appear before it. Line 1, position 8. Unable to apply build.xsl.
          ********************
Updating tltc.cad.integration to failed release status
end of execution : 3/21/2018 1:36:39 PM
          ****ErrorMessage****
       Unexpected XML declaration. The XML declaration must be the first node in the document, and no white space characters are allowed to appear before it. Line 1, position 8. Unable to apply build.xsl.
          ********************
Start of importing packages
Sending the log file to Vault Server
Log file was sent successfully to Vault Server
start of execution : 3/21/2018 1:36:50 PM
Set "Root" value  for "Logon Allowed To" variable
Updating tltc.cad.integration to 'inprogress' release status
      ****Import   tltc.cad.integration****
Set "World" value  for "Logon Allowed To" variable
          ****ErrorMessage****
       Unexpected XML declaration. The XML declaration must be the first node in the document, and no white space characters are allowed to appear before it. Line 1, position 8. Unable to apply build.xsl.
          ********************
Updating tltc.cad.integration to failed release status
end of execution : 3/21/2018 1:36:50 PM
          ****ErrorMessage****
       Unexpected XML declaration. The XML declaration must be the first node in the document, and no white space characters are allowed to appear before it. Line 1, position 8. Unable to apply build.xsl.
          ********************
Start of importing packages
Sending the log file to Vault Server
Log file was sent successfully to Vault Server
start of execution : 3/21/2018 1:37:06 PM
Set "Root" value  for "Logon Allowed To" variable
Updating tltc.cad.integration to 'inprogress' release status
      ****Import   tltc.cad.integration****
Set "World" value  for "Logon Allowed To" variable
          ****ErrorMessage****
       Unexpected XML declaration. The XML declaration must be the first node in the document, and no white space characters are allowed to appear before it. Line 1, position 8. Unable to apply build.xsl.
          ********************
Updating tltc.cad.integration to failed release status
end of execution : 3/21/2018 1:37:06 PM
          ****ErrorMessage****
       Unexpected XML declaration. The XML declaration must be the first node in the document, and no white space characters are allowed to appear before it. Line 1, position 8. Unable to apply build.xsl.
          ********************
Start of importing packages
Sending the log file to Vault Server
Log file was sent successfully to Vault Server
start of execution : 3/21/2018 1:44:12 PM
Set "Root" value  for "Logon Allowed To" variable
Updating tltc.cad.integration to 'inprogress' release status
       ****Import with merge option tltc.cad.integration****
Set "World" value  for "Logon Allowed To" variable
          ****ErrorMessage****
       Unexpected XML declaration. The XML declaration must be the first node in the document, and no white space characters are allowed to appear before it. Line 1, position 8. Unable to apply build.xsl.
          ********************
Updating tltc.cad.integration to failed release status
end of execution : 3/21/2018 1:44:12 PM
          ****ErrorMessage****
       Unexpected XML declaration. The XML declaration must be the first node in the document, and no white space characters are allowed to appear before it. Line 1, position 8. Unable to apply build.xsl.
          ********************
Start of importing packages
Sending the log file to Vault Server
Log file was sent successfully to Vault Server
start of execution : 3/21/2018 1:44:29 PM
Set "Root" value  for "Logon Allowed To" variable
Updating tltc.cad.integration to 'inprogress' release status
       ****Import with merge option tltc.cad.integration****
Set "World" value  for "Logon Allowed To" variable
          ****ErrorMessage****
       Unexpected XML declaration. The XML declaration must be the first node in the document, and no white space characters are allowed to appear before it. Line 1, position 8. Unable to apply build.xsl.
          ********************
Updating tltc.cad.integration to failed release status
end of execution : 3/21/2018 1:44:29 PM
          ****ErrorMessage****
       Unexpected XML declaration. The XML declaration must be the first node in the document, and no white space characters are allowed to appear before it. Line 1, position 8. Unable to apply build.xsl.
          ********************
Start of importing packages
Sending the log file to Vault Server
Log file was sent successfully to Vault Server
start of execution : 3/21/2018 1:45:28 PM
Set "Root" value  for "Logon Allowed To" variable
Updating tltc.cad.integration to 'inprogress' release status
       ****Import with merge option tltc.cad.integration****
Set "World" value  for "Logon Allowed To" variable
          ****ErrorMessage****
       Unexpected XML declaration. The XML declaration must be the first node in the document, and no white space characters are allowed to appear before it. Line 1, position 8. Unable to apply build.xsl.
          ********************
Updating tltc.cad.integration to failed release status
end of execution : 3/21/2018 1:45:28 PM
          ****ErrorMessage****
       Unexpected XML declaration. The XML declaration must be the first node in the document, and no white space characters are allowed to appear before it. Line 1, position 8. Unable to apply build.xsl.
          ********************
Start of importing packages
Sending the log file to Vault Server
Log file was sent successfully to Vault Server
start of execution : 3/21/2018 1:46:09 PM
Set "Root" value  for "Logon Allowed To" variable
Updating tltc.cad.integration to 'inprogress' release status
       ****Import with merge option tltc.cad.integration****
Set "World" value  for "Logon Allowed To" variable
          ****ErrorMessage****
       Unexpected XML declaration. The XML declaration must be the first node in the document, and no white space characters are allowed to appear before it. Line 1, position 8. Unable to apply build.xsl.
          ********************
Updating tltc.cad.integration to failed release status
end of execution : 3/21/2018 1:46:09 PM
          ****ErrorMessage****
       Unexpected XML declaration. The XML declaration must be the first node in the document, and no white space characters are allowed to appear before it. Line 1, position 8. Unable to apply build.xsl.
          ********************
Start of importing packages
Sending the log file to Vault Server
Log file was sent successfully to Vault Server
start of execution : 3/21/2018 1:46:28 PM
Set "Root" value  for "Logon Allowed To" variable
Updating tltc.cad.integration to 'inprogress' release status
       ****Import with merge option tltc.cad.integration****
Set "World" value  for "Logon Allowed To" variable
          ****ErrorMessage****
       Unexpected XML declaration. The XML declaration must be the first node in the document, and no white space characters are allowed to appear before it. Line 1, position 8. Unable to apply build.xsl.
          ********************
Updating tltc.cad.integration to failed release status
end of execution : 3/21/2018 1:46:28 PM
          ****ErrorMessage****
       Unexpected XML declaration. The XML declaration must be the first node in the document, and no white space characters are allowed to appear before it. Line 1, position 8. Unable to apply build.xsl.
          ********************
Start of importing packages
Sending the log file to Vault Server
Log file was sent successfully to Vault Server
start of execution : 3/21/2018 1:58:08 PM
Set "Root" value  for "Logon Allowed To" variable
Updating tltc.cad.integration to 'inprogress' release status
       ****Import with merge option tltc.cad.integration****
Processing (add)   id : CD3C3055FCF04F9B8672C42E90531B86    keyed_name : tltc_db_setting    type : Variable  
********** Start of reference checking ************
checking for Bad property
<Item type='ItemType' action='get' select='id'><name>Variable</name><Relationships><Item type='Property' action='get' select='name'/><Item type='RelationshipType' action='get' select='name'/></Relationships></Item>
  was obtained from server
************* End of reference checking ************
Item successfully applied(add)   id : CD3C3055FCF04F9B8672C42E90531B86    keyed_name : tltc_db_setting    type : Variable  
Adding item in packdefinition  id  CD3C3055FCF04F9B8672C42E90531B86 type Variable
Item successfully added in packdefinition  id  CD3C3055FCF04F9B8672C42E90531B86 type Variable
Processing (add)   id : 5B30D563331144039287FB01F4097ABF    keyed_name : AutoCAD_PlotSetting    type : Form  
********** Start of reference checking ************
checking for Bad property
<Item type='ItemType' action='get' select='id'><name>Form</name><Relationships><Item type='Property' action='get' select='name'/><Item type='RelationshipType' action='get' select='name'/></Relationships></Item>
  was obtained from server
checking for Bad property
<Item type='ItemType' action='get' select='id'><name>Body</name><Relationships><Item type='Property' action='get' select='name'/><Item type='RelationshipType' action='get' select='name'/></Relationships></Item>
  was obtained from server
checking for Bad property
<Item type='ItemType' action='get' select='id'><name>Field</name><Relationships><Item type='Property' action='get' select='name'/><Item type='RelationshipType' action='get' select='name'/></Relationships></Item>
  was obtained from server
checking for Bad property
<Item type='ItemType' action='get' select='id'><name>Field</name><Relationships><Item type='Property' action='get' select='name'/><Item type='RelationshipType' action='get' select='name'/></Relationships></Item>
  was obtained from cache
checking for Bad property
<Item type='ItemType' action='get' select='id'><name>Field</name><Relationships><Item type='Property' action='get' select='name'/><Item type='RelationshipType' action='get' select='name'/></Relationships></Item>
  was obtained from cache
checking for Bad property
<Item type='ItemType' action='get' select='id'><name>Field</name><Relationships><Item type='Property' action='get' select='name'/><Item type='RelationshipType' action='get' select='name'/></Relationships></Item>
  was obtained from cache
checking for Bad property
<Item type='ItemType' action='get' select='id'><name>Field</name><Relationships><Item type='Property' action='get' select='name'/><Item type='RelationshipType' action='get' select='name'/></Relationships></Item>
  was obtained from cache
************* End of reference checking ************
Item successfully applied(add)   id : 5B30D563331144039287FB01F4097ABF    keyed_name : AutoCAD_PlotSetting    type : Form  
Adding item in packdefinition  id  5B30D563331144039287FB01F4097ABF type Form
Item successfully added in packdefinition  id  5B30D563331144039287FB01F4097ABF type Form
Processing (add)   id : 194278DEEB7E4A4BAF258A6A6101A45F    keyed_name : CADIntegration_Bug    type : Form  
********** Start of reference checking ************
checking for Bad property
<Item type='ItemType' action='get' select='id'><name>Form</name><Relationships><Item type='Property' action='get' select='name'/><Item type='RelationshipType' action='get' select='name'/></Relationships></Item>
  was obtained from cache
checking for Bad property
<Item type='ItemType' action='get' select='id'><name>Body</name><Relationships><Item type='Property' action='get' select='name'/><Item type='RelationshipType' action='get' select='name'/></Relationships></Item>
  was obtained from cache
checking for Bad property
<Item type='ItemType' action='get' select='id'><name>Field</name><Relationships><Item type='Property' action='get' select='name'/><Item type='RelationshipType' action='get' select='name'/></Relationships></Item>
  was obtained from cache
checking for Bad property
<Item type='ItemType' action='get' select='id'><name>Field</name><Relationships><Item type='Property' action='get' select='name'/><Item type='RelationshipType' action='get' select='name'/></Relationships></Item>
  was obtained from cache
checking for Bad property
<Item type='ItemType' action='get' select='id'><name>Field</name><Relationships><Item type='Property' action='get' select='name'/><Item type='RelationshipType' action='get' select='name'/></Relationships></Item>
  was obtained from cache
checking for Bad property
<Item type='ItemType' action='get' select='id'><name>Field</name><Relationships><Item type='Property' action='get' select='name'/><Item type='RelationshipType' action='get' select='name'/></Relationships></Item>
  was obtained from cache
checking for Bad property
<Item type='ItemType' action='get' select='id'><name>Field</name><Relationships><Item type='Property' action='get' select='name'/><Item type='RelationshipType' action='get' select='name'/></Relationships></Item>
  was obtained from cache
************* End of reference checking ************
Item successfully applied(add)   id : 194278DEEB7E4A4BAF258A6A6101A45F    keyed_name : CADIntegration_Bug    type : Form  
Adding item in packdefinition  id  194278DEEB7E4A4BAF258A6A6101A45F type Form
Item successfully added in packdefinition  id  194278DEEB7E4A4BAF258A6A6101A45F type Form
Processing (add)   id : CCAB6AC74C414A4189089A6CC82467BF    keyed_name : CADIntegration_Setting    type : Form  
********** Start of reference checking ************
checking for Bad property
<Item type='ItemType' action='get' select='id'><name>Form</name><Relationships><Item type='Property' action='get' select='name'/><Item type='RelationshipType' action='get' select='name'/></Relationships></Item>
  was obtained from cache
checking for Bad property
<Item type='ItemType' action='get' select='id'><name>Body</name><Relationships><Item type='Property' action='get' select='name'/><Item type='RelationshipType' action='get' select='name'/></Relationships></Item>
  was obtained from cache
checking for Bad property
<Item type='ItemType' action='get' select='id'><name>Field</name><Relationships><Item type='Property' action='get' select='name'/><Item type='RelationshipType' action='get' select='name'/></Relationships></Item>
  was obtained from cache
checking for Bad property
<Item type='ItemType' action='get' select='id'><name>Field</name><Relationships><Item type='Property' action='get' select='name'/><Item type='RelationshipType' action='get' select='name'/></Relationships></Item>
  was obtained from cache
checking for Bad property
<Item type='ItemType' action='get' select='id'><name>Field</name><Relationships><Item type='Property' action='get' select='name'/><Item type='RelationshipType' action='get' select='name'/></Relationships></Item>
  was obtained from cache
checking for Bad property
<Item type='ItemType' action='get' select='id'><name>Field</name><Relationships><Item type='Property' action='get' select='name'/><Item type='RelationshipType' action='get' select='name'/></Relationships></Item>
  was obtained from cache
checking for Bad property
<Item type='ItemType' action='get' select='id'><name>Field</name><Relationships><Item type='Property' action='get' select='name'/><Item type='RelationshipType' action='get' select='name'/></Relationships></Item>
  was obtained from cache
checking for Bad property
<Item type='ItemType' action='get' select='id'><name>Field</name><Relationships><Item type='Property' action='get' select='name'/><Item type='RelationshipType' action='get' select='name'/></Relationships></Item>
  was obtained from cache
************* End of reference checking ************
Item successfully applied(add)   id : CCAB6AC74C414A4189089A6CC82467BF    keyed_name : CADIntegration_Setting    type : Form  
Adding item in packdefinition  id  CCAB6AC74C414A4189089A6CC82467BF type Form
Item successfully added in packdefinition  id  CCAB6AC74C414A4189089A6CC82467BF type Form
Processing (add)   id : A18BC1D5F1384B84B872CF3A3958DB9A    keyed_name : CAD_Mapping_Properties    type : Form  
********** Start of reference checking ************
checking for Bad property
<Item type='ItemType' action='get' select='id'><name>Form</name><Relationships><Item type='Property' action='get' select='name'/><Item type='RelationshipType' action='get' select='name'/></Relationships></Item>
  was obtained from cache
checking for Bad property
<Item type='ItemType' action='get' select='id'><name>Body</name><Relationships><Item type='Property' action='get' select='name'/><Item type='RelationshipType' action='get' select='name'/></Relationships></Item>
  was obtained from cache
checking for Bad property
<Item type='ItemType' action='get' select='id'><name>Field</name><Relationships><Item type='Property' action='get' select='name'/><Item type='RelationshipType' action='get' select='name'/></Relationships></Item>
  was obtained from cache
checking for Bad property
<Item type='ItemType' action='get' select='id'><name>Field</name><Relationships><Item type='Property' action='get' select='name'/><Item type='RelationshipType' action='get' select='name'/></Relationships></Item>
  was obtained from cache
checking for Bad property
<Item type='ItemType' action='get' select='id'><name>Field</name><Relationships><Item type='Property' action='get' select='name'/><Item type='RelationshipType' action='get' select='name'/></Relationships></Item>
  was obtained from cache
checking for Bad property
<Item type='ItemType' action='get' select='id'><name>Field</name><Relationships><Item type='Property' action='get' select='name'/><Item type='RelationshipType' action='get' select='name'/></Relationships></Item>
  was obtained from cache
************* End of reference checking ************
Item successfully applied(add)   id : A18BC1D5F1384B84B872CF3A3958DB9A    keyed_name : CAD_Mapping_Properties    type : Form  
Adding item in packdefinition  id  A18BC1D5F1384B84B872CF3A3958DB9A type Form
Item successfully added in packdefinition  id  A18BC1D5F1384B84B872CF3A3958DB9A type Form
Processing (add)   id : 244F311181464236B3C888945B2A1E58    keyed_name : CAD_Result_Properties    type : Form  
********** Start of reference checking ************
checking for Bad property
<Item type='ItemType' action='get' select='id'><name>Form</name><Relationships><Item type='Property' action='get' select='name'/><Item type='RelationshipType' action='get' select='name'/></Relationships></Item>
  was obtained from cache
checking for Bad property
<Item type='ItemType' action='get' select='id'><name>Body</name><Relationships><Item type='Property' action='get' select='name'/><Item type='RelationshipType' action='get' select='name'/></Relationships></Item>
  was obtained from cache
checking for Bad property
<Item type='ItemType' action='get' select='id'><name>Field</name><Relationships><Item type='Property' action='get' select='name'/><Item type='RelationshipType' action='get' select='name'/></Relationships></Item>
  was obtained from cache
checking for Bad property
<Item type='ItemType' action='get' select='id'><name>Field</name><Relationships><Item type='Property' action='get' select='name'/><Item type='RelationshipType' action='get' select='name'/></Relationships></Item>
  was obtained from cache
************* End of reference checking ************
Item successfully applied(add)   id : 244F311181464236B3C888945B2A1E58    keyed_name : CAD_Result_Properties    type : Form  
Adding item in packdefinition  id  244F311181464236B3C888945B2A1E58 type Form
Item successfully added in packdefinition  id  244F311181464236B3C888945B2A1E58 type Form
Processing (add)   id : F60782C6BAEB4A37A75714FFE8D014D2    keyed_name : CAD_Search_Properties    type : Form  
********** Start of reference checking ************
checking for Bad property
<Item type='ItemType' action='get' select='id'><name>Form</name><Relationships><Item type='Property' action='get' select='name'/><Item type='RelationshipType' action='get' select='name'/></Relationships></Item>
  was obtained from cache
checking for Bad property
<Item type='ItemType' action='get' select='id'><name>Body</name><Relationships><Item type='Property' action='get' select='name'/><Item type='RelationshipType' action='get' select='name'/></Relationships></Item>
  was obtained from cache
checking for Bad property
<Item type='ItemType' action='get' select='id'><name>Field</name><Relationships><Item type='Property' action='get' select='name'/><Item type='RelationshipType' action='get' select='name'/></Relationships></Item>
  was obtained from cache
checking for Bad property
<Item type='ItemType' action='get' select='id'><name>Field</name><Relationships><Item type='Property' action='get' select='name'/><Item type='RelationshipType' action='get' select='name'/></Relationships></Item>
  was obtained from cache
************* End of reference checking ************
Item successfully applied(add)   id : F60782C6BAEB4A37A75714FFE8D014D2    keyed_name : CAD_Search_Properties    type : Form  
Adding item in packdefinition  id  F60782C6BAEB4A37A75714FFE8D014D2 type Form
Item successfully added in packdefinition  id  F60782C6BAEB4A37A75714FFE8D014D2 type Form
Processing (add)   id : B9C124FE9E274DE1AB4A6101E63BC92C    keyed_name : MessageIntegration    type : Form  
********** Start of reference checking ************
checking for Bad property
<Item type='ItemType' action='get' select='id'><name>Form</name><Relationships><Item type='Property' action='get' select='name'/><Item type='RelationshipType' action='get' select='name'/></Relationships></Item>
  was obtained from cache
checking for Bad property
<Item type='ItemType' action='get' select='id'><name>Body</name><Relationships><Item type='Property' action='get' select='name'/><Item type='RelationshipType' action='get' select='name'/></Relationships></Item>
  was obtained from cache
checking for Bad property
<Item type='ItemType' action='get' select='id'><name>Field</name><Relationships><Item type='Property' action='get' select='name'/><Item type='RelationshipType' action='get' select='name'/></Relationships></Item>
  was obtained from cache
checking for Bad property
<Item type='ItemType' action='get' select='id'><name>Field</name><Relationships><Item type='Property' action='get' select='name'/><Item type='RelationshipType' action='get' select='name'/></Relationships></Item>
  was obtained from cache
checking for Bad property
<Item type='ItemType' action='get' select='id'><name>Field</name><Relationships><Item type='Property' action='get' select='name'/><Item type='RelationshipType' action='get' select='name'/></Relationships></Item>
  was obtained from cache
checking for Bad property
<Item type='ItemType' action='get' select='id'><name>Field</name><Relationships><Item type='Property' action='get' select='name'/><Item type='RelationshipType' action='get' select='name'/></Relationships></Item>
  was obtained from cache
checking for Bad property
<Item type='ItemType' action='get' select='id'><name>Field</name><Relationships><Item type='Property' action='get' select='name'/><Item type='RelationshipType' action='get' select='name'/></Relationships></Item>
  was obtained from cache
checking for Bad property
<Item type='ItemType' action='get' select='id'><name>Field</name><Relationships><Item type='Property' action='get' select='name'/><Item type='RelationshipType' action='get' select='name'/></Relationships></Item>
  was obtained from cache
checking for Bad property
<Item type='ItemType' action='get' select='id'><name>Field</name><Relationships><Item type='Property' action='get' select='name'/><Item type='RelationshipType' action='get' select='name'/></Relationships></Item>
  was obtained from cache
************* End of reference checking ************
Item successfully applied(add)   id : B9C124FE9E274DE1AB4A6101E63BC92C    keyed_name : MessageIntegration    type : Form  
Adding item in packdefinition  id  B9C124FE9E274DE1AB4A6101E63BC92C type Form
Item successfully added in packdefinition  id  B9C124FE9E274DE1AB4A6101E63BC92C type Form
Processing (add)   id : 40ACC3B536E84DAEB8CC0AA4FC7F5DA5    keyed_name : CADIntegration_Bug    type : ItemType  
********** Start of reference checking ************
checking item with get action:<Item type="Identity" action="get" select="id"><name>World</name></Item>
-> was obtained from server
checking item with get action:<Item type="Identity" action="get" select="id"><name>World</name></Item>
-> was obtained from cache
checking for Bad property
<Item type='ItemType' action='get' select='id'><name>ItemType</name><Relationships><Item type='Property' action='get' select='name'/><Item type='RelationshipType' action='get' select='name'/></Relationships></Item>
  was obtained from server
checking for Bad property
<Item type='ItemType' action='get' select='id'><name>Property</name><Relationships><Item type='Property' action='get' select='name'/><Item type='RelationshipType' action='get' select='name'/></Relationships></Item>
  was obtained from server
checking for Bad property
<Item type='ItemType' action='get' select='id'><name>Property</name><Relationships><Item type='Property' action='get' select='name'/><Item type='RelationshipType' action='get' select='name'/></Relationships></Item>
  was obtained from cache
checking for Bad property
<Item type='ItemType' action='get' select='id'><name>Property</name><Relationships><Item type='Property' action='get' select='name'/><Item type='RelationshipType' action='get' select='name'/></Relationships></Item>
  was obtained from cache
checking for Bad property
<Item type='ItemType' action='get' select='id'><name>Property</name><Relationships><Item type='Property' action='get' select='name'/><Item type='RelationshipType' action='get' select='name'/></Relationships></Item>
  was obtained from cache
checking for Bad property
<Item type='ItemType' action='get' select='id'><name>View</name><Relationships><Item type='Property' action='get' select='name'/><Item type='RelationshipType' action='get' select='name'/></Relationships></Item>
  was obtained from server
checking for Bad property
<Item type='ItemType' action='get' select='id'><name>TOC Access</name><Relationships><Item type='Property' action='get' select='name'/><Item type='RelationshipType' action='get' select='name'/></Relationships></Item>
  was obtained from server
checking for Bad property
<Item type='ItemType' action='get' select='id'><name>TOC View</name><Relationships><Item type='Property' action='get' select='name'/><Item type='RelationshipType' action='get' select='name'/></Relationships></Item>
  was obtained from server
checking for Bad property
<Item type='ItemType' action='get' select='id'><name>Can Add</name><Relationships><Item type='Property' action='get' select='name'/><Item type='RelationshipType' action='get' select='name'/></Relationships></Item>
  was obtained from server
checking for Bad property
<Item type='ItemType' action='get' select='id'><name>Allowed Permission</name><Relationships><Item type='Property' action='get' select='name'/><Item type='RelationshipType' action='get' select='name'/></Relationships></Item>
  was obtained from server
checking <data_source> reference to the ItemType
<Item type='ItemType' action='get' select='id'><name>File</name></Item>
  was obtained from server
checking for related items
<Item type='Form' action='get' levels='0'><id>194278DEEB7E4A4BAF258A6A6101A45F</id></Item>
   was obtained from server
checking for related items
<Item type='Identity' action='get' levels='0'><id>2618D6F5A90949BAA7E920D1B04C7EE1</id></Item>
   was obtained from server
checking for related items
<Item type='Identity' action='get' levels='0'><id>2618D6F5A90949BAA7E920D1B04C7EE1</id></Item>
   was obtained from cache
checking for related items
<Item type='Permission' action='get' levels='0'><id>9122CD065CF04141B8EFE263FC80BEA4</id></Item>
   was obtained from server
************* End of reference checking ************
Item successfully applied(add)   id : 40ACC3B536E84DAEB8CC0AA4FC7F5DA5    keyed_name : CADIntegration_Bug    type : ItemType  
Adding item in packdefinition  id  40ACC3B536E84DAEB8CC0AA4FC7F5DA5 type ItemType
Item successfully added in packdefinition  id  40ACC3B536E84DAEB8CC0AA4FC7F5DA5 type ItemType
Processing (add)   id : CB5C7DEB95F749709209FDB110717281    keyed_name : CADIntegration_Setting    type : ItemType  
********** Start of reference checking ************
checking item with get action:<Item type="Identity" action="get" select="id"><name>World</name></Item>
-> was obtained from cache
checking for Bad property
<Item type='ItemType' action='get' select='id'><name>ItemType</name><Relationships><Item type='Property' action='get' select='name'/><Item type='RelationshipType' action='get' select='name'/></Relationships></Item>
  was obtained from cache
checking for Bad property
<Item type='ItemType' action='get' select='id'><name>Property</name><Relationships><Item type='Property' action='get' select='name'/><Item type='RelationshipType' action='get' select='name'/></Relationships></Item>
  was obtained from cache
checking for Bad property
<Item type='ItemType' action='get' select='id'><name>Property</name><Relationships><Item type='Property' action='get' select='name'/><Item type='RelationshipType' action='get' select='name'/></Relationships></Item>
  was obtained from cache
checking for Bad property
<Item type='ItemType' action='get' select='id'><name>Property</name><Relationships><Item type='Property' action='get' select='name'/><Item type='RelationshipType' action='get' select='name'/></Relationships></Item>
  was obtained from cache
checking for Bad property
<Item type='ItemType' action='get' select='id'><name>Property</name><Relationships><Item type='Property' action='get' select='name'/><Item type='RelationshipType' action='get' select='name'/></Relationships></Item>
  was obtained from cache
checking for Bad property
<Item type='ItemType' action='get' select='id'><name>View</name><Relationships><Item type='Property' action='get' select='name'/><Item type='RelationshipType' action='get' select='name'/></Relationships></Item>
  was obtained from cache
checking for Bad property
<Item type='ItemType' action='get' select='id'><name>TOC Access</name><Relationships><Item type='Property' action='get' select='name'/><Item type='RelationshipType' action='get' select='name'/></Relationships></Item>
  was obtained from cache
checking for Bad property
<Item type='ItemType' action='get' select='id'><name>TOC View</name><Relationships><Item type='Property' action='get' select='name'/><Item type='RelationshipType' action='get' select='name'/></Relationships></Item>
  was obtained from cache
checking for Bad property
<Item type='ItemType' action='get' select='id'><name>Can Add</name><Relationships><Item type='Property' action='get' select='name'/><Item type='RelationshipType' action='get' select='name'/></Relationships></Item>
  was obtained from cache
checking for Bad property
<Item type='ItemType' action='get' select='id'><name>Allowed Permission</name><Relationships><Item type='Property' action='get' select='name'/><Item type='RelationshipType' action='get' select='name'/></Relationships></Item>
  was obtained from cache
checking <data_source> reference to list/sequence
<Item action='get' type='list' select='id'><id>11A953CA5A5E4BCD8EC9758C7E4B6E92</id></Item>
  was obtained from server
checking for related items
<Item type='Form' action='get' levels='0'><id>CCAB6AC74C414A4189089A6CC82467BF</id></Item>
   was obtained from server
checking for related items
<Item type='Identity' action='get' levels='0'><id>2618D6F5A90949BAA7E920D1B04C7EE1</id></Item>
   was obtained from cache
checking for related items
<Item type='Identity' action='get' levels='0'><id>2618D6F5A90949BAA7E920D1B04C7EE1</id></Item>
   was obtained from cache
checking for related items
<Item type='Identity' action='get' levels='0'><id>2618D6F5A90949BAA7E920D1B04C7EE1</id></Item>
   was obtained from cache
checking for related items
<Item type='Permission' action='get' levels='0'><id>9122CD065CF04141B8EFE263FC80BEA4</id></Item>
   was obtained from cache
************* End of reference checking ************
Item successfully applied(add)   id : CB5C7DEB95F749709209FDB110717281    keyed_name : CADIntegration_Setting    type : ItemType  
Adding item in packdefinition  id  CB5C7DEB95F749709209FDB110717281 type ItemType
Item successfully added in packdefinition  id  CB5C7DEB95F749709209FDB110717281 type ItemType
Processing (edit)   id : CB5C7DEB95F749709209FDB110717281     type : ItemType  
********** Start of reference checking ************
checking for Bad property
<Item type='ItemType' action='get' select='id'><name>ItemType</name><Relationships><Item type='Property' action='get' select='name'/><Item type='RelationshipType' action='get' select='name'/></Relationships></Item>
  was obtained from cache
checking for Bad property
<Item type='ItemType' action='get' select='id'><name>Property</name><Relationships><Item type='Property' action='get' select='name'/><Item type='RelationshipType' action='get' select='name'/></Relationships></Item>
  was obtained from cache
checking for Bad property
<Item type='ItemType' action='get' select='id'><name>Property</name><Relationships><Item type='Property' action='get' select='name'/><Item type='RelationshipType' action='get' select='name'/></Relationships></Item>
  was obtained from cache
checking <data_source> reference to the ItemType
<Item type='ItemType' action='get' select='id'><name>Team</name></Item>
  was obtained from server
************* End of reference checking ************
Item successfully applied(edit)   id : CB5C7DEB95F749709209FDB110717281     type : ItemType  
Processing (add)   id : 5446D50A449E4EEE948494C1E98BFA58    keyed_name : MessageIntegration    type : ItemType  
********** Start of reference checking ************
checking item with get action:<Item type="Identity" action="get" select="id"><name>World</name></Item>
-> was obtained from cache
checking item with get action:<Item type="Identity" action="get" select="id"><name>World</name></Item>
-> was obtained from cache
checking for Bad property
<Item type='ItemType' action='get' select='id'><name>ItemType</name><Relationships><Item type='Property' action='get' select='name'/><Item type='RelationshipType' action='get' select='name'/></Relationships></Item>
  was obtained from cache
checking for Bad property
<Item type='ItemType' action='get' select='id'><name>Property</name><Relationships><Item type='Property' action='get' select='name'/><Item type='RelationshipType' action='get' select='name'/></Relationships></Item>
  was obtained from cache
checking for Bad property
<Item type='ItemType' action='get' select='id'><name>Property</name><Relationships><Item type='Property' action='get' select='name'/><Item type='RelationshipType' action='get' select='name'/></Relationships></Item>
  was obtained from cache
checking for Bad property
<Item type='ItemType' action='get' select='id'><name>Property</name><Relationships><Item type='Property' action='get' select='name'/><Item type='RelationshipType' action='get' select='name'/></Relationships></Item>
  was obtained from cache
checking for Bad property
<Item type='ItemType' action='get' select='id'><name>Property</name><Relationships><Item type='Property' action='get' select='name'/><Item type='RelationshipType' action='get' select='name'/></Relationships></Item>
  was obtained from cache
checking for Bad property
<Item type='ItemType' action='get' select='id'><name>Property</name><Relationships><Item type='Property' action='get' select='name'/><Item type='RelationshipType' action='get' select='name'/></Relationships></Item>
  was obtained from cache
checking for Bad property
<Item type='ItemType' action='get' select='id'><name>Property</name><Relationships><Item type='Property' action='get' select='name'/><Item type='RelationshipType' action='get' select='name'/></Relationships></Item>
  was obtained from cache
checking for Bad property
<Item type='ItemType' action='get' select='id'><name>View</name><Relationships><Item type='Property' action='get' select='name'/><Item type='RelationshipType' action='get' select='name'/></Relationships></Item>
  was obtained from cache
checking for Bad property
<Item type='ItemType' action='get' select='id'><name>TOC Access</name><Relationships><Item type='Property' action='get' select='name'/><Item type='RelationshipType' action='get' select='name'/></Relationships></Item>
  was obtained from cache
checking for Bad property
<Item type='ItemType' action='get' select='id'><name>TOC View</name><Relationships><Item type='Property' action='get' select='name'/><Item type='RelationshipType' action='get' select='name'/></Relationships></Item>
  was obtained from cache
checking for Bad property
<Item type='ItemType' action='get' select='id'><name>Can Add</name><Relationships><Item type='Property' action='get' select='name'/><Item type='RelationshipType' action='get' select='name'/></Relationships></Item>
  was obtained from cache
checking for Bad property
<Item type='ItemType' action='get' select='id'><name>Allowed Permission</name><Relationships><Item type='Property' action='get' select='name'/><Item type='RelationshipType' action='get' select='name'/></Relationships></Item>
  was obtained from cache
checking for related items
<Item type='Form' action='get' levels='0'><id>B9C124FE9E274DE1AB4A6101E63BC92C</id></Item>
   was obtained from server
checking for related items
<Item type='Identity' action='get' levels='0'><id>2618D6F5A90949BAA7E920D1B04C7EE1</id></Item>
   was obtained from cache
checking for related items
<Item type='Identity' action='get' levels='0'><id>2618D6F5A90949BAA7E920D1B04C7EE1</id></Item>
   was obtained from cache
checking for related items
<Item type='Permission' action='get' levels='0'><id>9122CD065CF04141B8EFE263FC80BEA4</id></Item>
   was obtained from cache
************* End of reference checking ************
Item successfully applied(add)   id : 5446D50A449E4EEE948494C1E98BFA58    keyed_name : MessageIntegration    type : ItemType  
Adding item in packdefinition  id  5446D50A449E4EEE948494C1E98BFA58 type ItemType
Item successfully added in packdefinition  id  5446D50A449E4EEE948494C1E98BFA58 type ItemType
Processing (add)   id : 07E49AC0013D42C198BB8B00C1BB6DF0    keyed_name : AutoCAD_PlotSetting    type : RelationshipType  
********** Start of reference checking ************
checking item with get action:<Item type="Identity" action="get" select="id"><name>World</name></Item>
-> was obtained from cache
checking for Bad property
<Item type='ItemType' action='get' select='id'><name>RelationshipType</name><Relationships><Item type='Property' action='get' select='name'/><Item type='RelationshipType' action='get' select='name'/></Relationships></Item>
  was obtained from server
checking for related items
<Item type='Form' action='get' levels='0'><id>5B30D563331144039287FB01F4097ABF</id></Item>
   was obtained from server
checking RelationshipType's source_id,related_id
<Item levels='0' action='get' type='ItemType'><id>CB5C7DEB95F749709209FDB110717281</id></Item>
  was obtained from server
************* End of reference checking ************
Item successfully applied(add)   id : 07E49AC0013D42C198BB8B00C1BB6DF0    keyed_name : AutoCAD_PlotSetting    type : RelationshipType  
Adding item in packdefinition  id  07E49AC0013D42C198BB8B00C1BB6DF0 type RelationshipType
Item successfully added in packdefinition  id  07E49AC0013D42C198BB8B00C1BB6DF0 type RelationshipType
Processing (add)   id : 5CDC101423E04493B311BA4506531F9C    keyed_name : CAD_Mapping_Properties    type : RelationshipType  
********** Start of reference checking ************
checking item with get action:<Item type="Identity" action="get" select="id"><name>World</name></Item>
-> was obtained from cache
checking for Bad property
<Item type='ItemType' action='get' select='id'><name>RelationshipType</name><Relationships><Item type='Property' action='get' select='name'/><Item type='RelationshipType' action='get' select='name'/></Relationships></Item>
  was obtained from cache
checking for related items
<Item type='Form' action='get' levels='0'><id>A18BC1D5F1384B84B872CF3A3958DB9A</id></Item>
   was obtained from server
checking RelationshipType's source_id,related_id
<Item levels='0' action='get' type='ItemType'><id>CB5C7DEB95F749709209FDB110717281</id></Item>
  was obtained from cache
************* End of reference checking ************
Item successfully applied(add)   id : 5CDC101423E04493B311BA4506531F9C    keyed_name : CAD_Mapping_Properties    type : RelationshipType  
Adding item in packdefinition  id  5CDC101423E04493B311BA4506531F9C type RelationshipType
Item successfully added in packdefinition  id  5CDC101423E04493B311BA4506531F9C type RelationshipType
Processing (add)   id : 7FF2384A47504929B93EF77C9E1ECE70    keyed_name : CAD_Result_Properties    type : RelationshipType  
********** Start of reference checking ************
checking item with get action:<Item type="Identity" action="get" select="id"><name>World</name></Item>
-> was obtained from cache
checking for Bad property
<Item type='ItemType' action='get' select='id'><name>RelationshipType</name><Relationships><Item type='Property' action='get' select='name'/><Item type='RelationshipType' action='get' select='name'/></Relationships></Item>
  was obtained from cache
checking <data_source> reference to the ItemType
<Item type='ItemType' action='get' select='id'><name>Property</name></Item>
  was obtained from server
checking for related items
<Item type='Form' action='get' levels='0'><id>244F311181464236B3C888945B2A1E58</id></Item>
   was obtained from server
checking RelationshipType's source_id,related_id
<Item levels='0' action='get' type='ItemType'><id>CB5C7DEB95F749709209FDB110717281</id></Item>
  was obtained from cache
************* End of reference checking ************
Item successfully applied(add)   id : 7FF2384A47504929B93EF77C9E1ECE70    keyed_name : CAD_Result_Properties    type : RelationshipType  
Adding item in packdefinition  id  7FF2384A47504929B93EF77C9E1ECE70 type RelationshipType
Item successfully added in packdefinition  id  7FF2384A47504929B93EF77C9E1ECE70 type RelationshipType
Processing (add)   id : 87EAF5B1405F40BE9D21BEF6568F25E0    keyed_name : CAD_Search_Properties    type : RelationshipType  
********** Start of reference checking ************
checking item with get action:<Item type="Identity" action="get" select="id"><name>World</name></Item>
-> was obtained from cache
checking for Bad property
<Item type='ItemType' action='get' select='id'><name>RelationshipType</name><Relationships><Item type='Property' action='get' select='name'/><Item type='RelationshipType' action='get' select='name'/></Relationships></Item>
  was obtained from cache
checking <data_source> reference to the ItemType
<Item type='ItemType' action='get' select='id'><name>Property</name></Item>
  was obtained from cache
checking for related items
<Item type='Form' action='get' levels='0'><id>F60782C6BAEB4A37A75714FFE8D014D2</id></Item>
   was obtained from server
checking RelationshipType's source_id,related_id
<Item levels='0' action='get' type='ItemType'><id>CB5C7DEB95F749709209FDB110717281</id></Item>
  was obtained from cache
************* End of reference checking ************
Item successfully applied(add)   id : 87EAF5B1405F40BE9D21BEF6568F25E0    keyed_name : CAD_Search_Properties    type : RelationshipType  
Adding item in packdefinition  id  87EAF5B1405F40BE9D21BEF6568F25E0 type RelationshipType
Item successfully added in packdefinition  id  87EAF5B1405F40BE9D21BEF6568F25E0 type RelationshipType
Processing (edit)   id : B2F680F6DD7E423EADB02D90140FDFEC     type : Field  
********** Start of reference checking ************
checking item with get action:<Item type="Property" action="get" select="id"><name>classification</name><source_id type="ItemType" keyed_name="CADIntegration_Setting">CB5C7DEB95F749709209FDB110717281</source_id></Item>
-> was obtained from server
checking for Bad property
<Item type='ItemType' action='get' select='id'><name>Field</name><Relationships><Item type='Property' action='get' select='name'/><Item type='RelationshipType' action='get' select='name'/></Relationships></Item>
  was obtained from cache
************* End of reference checking ************
Item successfully applied(edit)   id : B2F680F6DD7E423EADB02D90140FDFEC     type : Field  
completed
Updating tltc.cad.integration to success release status
Set "World" value  for "Logon Allowed To" variable
end of execution : 3/21/2018 1:58:23 PM
Start of importing packages
Sending the log file to Vault Server
Log file was sent successfully to Vault Server
start of execution : 3/21/2018 2:41:02 PM
Set "Root" value  for "Logon Allowed To" variable
Updating tltc.cad.integration to 'inprogress' release status
       ****Import with merge option tltc.cad.integration****
Processing (add)   id : CD3C3055FCF04F9B8672C42E90531B86    keyed_name : tltc_db_setting    type : Variable  
********** Start of reference checking ************
checking for Bad property
<Item type='ItemType' action='get' select='id'><name>Variable</name><Relationships><Item type='Property' action='get' select='name'/><Item type='RelationshipType' action='get' select='name'/></Relationships></Item>
  was obtained from cache
************* End of reference checking ************
Item successfully applied(add)   id : CD3C3055FCF04F9B8672C42E90531B86    keyed_name : tltc_db_setting    type : Variable  
Adding item in packdefinition  id  CD3C3055FCF04F9B8672C42E90531B86 type Variable
Item already exist in packdefinition  id  CD3C3055FCF04F9B8672C42E90531B86 type Variable
Processing (add)   id : 5B30D563331144039287FB01F4097ABF    keyed_name : AutoCAD_PlotSetting    type : Form  
********** Start of reference checking ************
checking for Bad property
<Item type='ItemType' action='get' select='id'><name>Form</name><Relationships><Item type='Property' action='get' select='name'/><Item type='RelationshipType' action='get' select='name'/></Relationships></Item>
  was obtained from cache
checking for Bad property
<Item type='ItemType' action='get' select='id'><name>Body</name><Relationships><Item type='Property' action='get' select='name'/><Item type='RelationshipType' action='get' select='name'/></Relationships></Item>
  was obtained from cache
checking for Bad property
<Item type='ItemType' action='get' select='id'><name>Field</name><Relationships><Item type='Property' action='get' select='name'/><Item type='RelationshipType' action='get' select='name'/></Relationships></Item>
  was obtained from cache
checking for Bad property
<Item type='ItemType' action='get' select='id'><name>Field</name><Relationships><Item type='Property' action='get' select='name'/><Item type='RelationshipType' action='get' select='name'/></Relationships></Item>
  was obtained from cache
checking for Bad property
<Item type='ItemType' action='get' select='id'><name>Field</name><Relationships><Item type='Property' action='get' select='name'/><Item type='RelationshipType' action='get' select='name'/></Relationships></Item>
  was obtained from cache
checking for Bad property
<Item type='ItemType' action='get' select='id'><name>Field</name><Relationships><Item type='Property' action='get' select='name'/><Item type='RelationshipType' action='get' select='name'/></Relationships></Item>
  was obtained from cache
checking for Bad property
<Item type='ItemType' action='get' select='id'><name>Field</name><Relationships><Item type='Property' action='get' select='name'/><Item type='RelationshipType' action='get' select='name'/></Relationships></Item>
  was obtained from cache
************* End of reference checking ************
Item successfully applied(add)   id : 5B30D563331144039287FB01F4097ABF    keyed_name : AutoCAD_PlotSetting    type : Form  
Adding item in packdefinition  id  5B30D563331144039287FB01F4097ABF type Form
Item already exist in packdefinition  id  5B30D563331144039287FB01F4097ABF type Form
Processing (add)   id : 194278DEEB7E4A4BAF258A6A6101A45F    keyed_name : CADIntegration_Bug    type : Form  
********** Start of reference checking ************
checking for Bad property
<Item type='ItemType' action='get' select='id'><name>Form</name><Relationships><Item type='Property' action='get' select='name'/><Item type='RelationshipType' action='get' select='name'/></Relationships></Item>
  was obtained from cache
checking for Bad property
<Item type='ItemType' action='get' select='id'><name>Body</name><Relationships><Item type='Property' action='get' select='name'/><Item type='RelationshipType' action='get' select='name'/></Relationships></Item>
  was obtained from cache
checking for Bad property
<Item type='ItemType' action='get' select='id'><name>Field</name><Relationships><Item type='Property' action='get' select='name'/><Item type='RelationshipType' action='get' select='name'/></Relationships></Item>
  was obtained from cache
checking for Bad property
<Item type='ItemType' action='get' select='id'><name>Field</name><Relationships><Item type='Property' action='get' select='name'/><Item type='RelationshipType' action='get' select='name'/></Relationships></Item>
  was obtained from cache
checking for Bad property
<Item type='ItemType' action='get' select='id'><name>Field</name><Relationships><Item type='Property' action='get' select='name'/><Item type='RelationshipType' action='get' select='name'/></Relationships></Item>
  was obtained from cache
checking for Bad property
<Item type='ItemType' action='get' select='id'><name>Field</name><Relationships><Item type='Property' action='get' select='name'/><Item type='RelationshipType' action='get' select='name'/></Relationships></Item>
  was obtained from cache
checking for Bad property
<Item type='ItemType' action='get' select='id'><name>Field</name><Relationships><Item type='Property' action='get' select='name'/><Item type='RelationshipType' action='get' select='name'/></Relationships></Item>
  was obtained from cache
************* End of reference checking ************
Item successfully applied(add)   id : 194278DEEB7E4A4BAF258A6A6101A45F    keyed_name : CADIntegration_Bug    type : Form  
Adding item in packdefinition  id  194278DEEB7E4A4BAF258A6A6101A45F type Form
Item already exist in packdefinition  id  194278DEEB7E4A4BAF258A6A6101A45F type Form
Processing (add)   id : CCAB6AC74C414A4189089A6CC82467BF    keyed_name : CADIntegration_Setting    type : Form  
********** Start of reference checking ************
checking for Bad property
<Item type='ItemType' action='get' select='id'><name>Form</name><Relationships><Item type='Property' action='get' select='name'/><Item type='RelationshipType' action='get' select='name'/></Relationships></Item>
  was obtained from cache
checking for Bad property
<Item type='ItemType' action='get' select='id'><name>Body</name><Relationships><Item type='Property' action='get' select='name'/><Item type='RelationshipType' action='get' select='name'/></Relationships></Item>
  was obtained from cache
checking for Bad property
<Item type='ItemType' action='get' select='id'><name>Field</name><Relationships><Item type='Property' action='get' select='name'/><Item type='RelationshipType' action='get' select='name'/></Relationships></Item>
  was obtained from cache
checking for Bad property
<Item type='ItemType' action='get' select='id'><name>Field</name><Relationships><Item type='Property' action='get' select='name'/><Item type='RelationshipType' action='get' select='name'/></Relationships></Item>
  was obtained from cache
checking for Bad property
<Item type='ItemType' action='get' select='id'><name>Field</name><Relationships><Item type='Property' action='get' select='name'/><Item type='RelationshipType' action='get' select='name'/></Relationships></Item>
  was obtained from cache
checking for Bad property
<Item type='ItemType' action='get' select='id'><name>Field</name><Relationships><Item type='Property' action='get' select='name'/><Item type='RelationshipType' action='get' select='name'/></Relationships></Item>
  was obtained from cache
checking for Bad property
<Item type='ItemType' action='get' select='id'><name>Field</name><Relationships><Item type='Property' action='get' select='name'/><Item type='RelationshipType' action='get' select='name'/></Relationships></Item>
  was obtained from cache
checking for Bad property
<Item type='ItemType' action='get' select='id'><name>Field</name><Relationships><Item type='Property' action='get' select='name'/><Item type='RelationshipType' action='get' select='name'/></Relationships></Item>
  was obtained from cache
************* End of reference checking ************
Item successfully applied(add)   id : CCAB6AC74C414A4189089A6CC82467BF    keyed_name : CADIntegration_Setting    type : Form  
Adding item in packdefinition  id  CCAB6AC74C414A4189089A6CC82467BF type Form
Item already exist in packdefinition  id  CCAB6AC74C414A4189089A6CC82467BF type Form
Processing (add)   id : A18BC1D5F1384B84B872CF3A3958DB9A    keyed_name : CAD_Mapping_Properties    type : Form  
********** Start of reference checking ************
checking for Bad property
<Item type='ItemType' action='get' select='id'><name>Form</name><Relationships><Item type='Property' action='get' select='name'/><Item type='RelationshipType' action='get' select='name'/></Relationships></Item>
  was obtained from cache
checking for Bad property
<Item type='ItemType' action='get' select='id'><name>Body</name><Relationships><Item type='Property' action='get' select='name'/><Item type='RelationshipType' action='get' select='name'/></Relationships></Item>
  was obtained from cache
checking for Bad property
<Item type='ItemType' action='get' select='id'><name>Field</name><Relationships><Item type='Property' action='get' select='name'/><Item type='RelationshipType' action='get' select='name'/></Relationships></Item>
  was obtained from cache
checking for Bad property
<Item type='ItemType' action='get' select='id'><name>Field</name><Relationships><Item type='Property' action='get' select='name'/><Item type='RelationshipType' action='get' select='name'/></Relationships></Item>
  was obtained from cache
checking for Bad property
<Item type='ItemType' action='get' select='id'><name>Field</name><Relationships><Item type='Property' action='get' select='name'/><Item type='RelationshipType' action='get' select='name'/></Relationships></Item>
  was obtained from cache
checking for Bad property
<Item type='ItemType' action='get' select='id'><name>Field</name><Relationships><Item type='Property' action='get' select='name'/><Item type='RelationshipType' action='get' select='name'/></Relationships></Item>
  was obtained from cache
************* End of reference checking ************
Item successfully applied(add)   id : A18BC1D5F1384B84B872CF3A3958DB9A    keyed_name : CAD_Mapping_Properties    type : Form  
Adding item in packdefinition  id  A18BC1D5F1384B84B872CF3A3958DB9A type Form
Item already exist in packdefinition  id  A18BC1D5F1384B84B872CF3A3958DB9A type Form
Processing (add)   id : 244F311181464236B3C888945B2A1E58    keyed_name : CAD_Result_Properties    type : Form  
********** Start of reference checking ************
checking for Bad property
<Item type='ItemType' action='get' select='id'><name>Form</name><Relationships><Item type='Property' action='get' select='name'/><Item type='RelationshipType' action='get' select='name'/></Relationships></Item>
  was obtained from cache
checking for Bad property
<Item type='ItemType' action='get' select='id'><name>Body</name><Relationships><Item type='Property' action='get' select='name'/><Item type='RelationshipType' action='get' select='name'/></Relationships></Item>
  was obtained from cache
checking for Bad property
<Item type='ItemType' action='get' select='id'><name>Field</name><Relationships><Item type='Property' action='get' select='name'/><Item type='RelationshipType' action='get' select='name'/></Relationships></Item>
  was obtained from cache
checking for Bad property
<Item type='ItemType' action='get' select='id'><name>Field</name><Relationships><Item type='Property' action='get' select='name'/><Item type='RelationshipType' action='get' select='name'/></Relationships></Item>
  was obtained from cache
************* End of reference checking ************
Item successfully applied(add)   id : 244F311181464236B3C888945B2A1E58    keyed_name : CAD_Result_Properties    type : Form  
Adding item in packdefinition  id  244F311181464236B3C888945B2A1E58 type Form
Item already exist in packdefinition  id  244F311181464236B3C888945B2A1E58 type Form
Processing (add)   id : F60782C6BAEB4A37A75714FFE8D014D2    keyed_name : CAD_Search_Properties    type : Form  
********** Start of reference checking ************
checking for Bad property
<Item type='ItemType' action='get' select='id'><name>Form</name><Relationships><Item type='Property' action='get' select='name'/><Item type='RelationshipType' action='get' select='name'/></Relationships></Item>
  was obtained from cache
checking for Bad property
<Item type='ItemType' action='get' select='id'><name>Body</name><Relationships><Item type='Property' action='get' select='name'/><Item type='RelationshipType' action='get' select='name'/></Relationships></Item>
  was obtained from cache
checking for Bad property
<Item type='ItemType' action='get' select='id'><name>Field</name><Relationships><Item type='Property' action='get' select='name'/><Item type='RelationshipType' action='get' select='name'/></Relationships></Item>
  was obtained from cache
checking for Bad property
<Item type='ItemType' action='get' select='id'><name>Field</name><Relationships><Item type='Property' action='get' select='name'/><Item type='RelationshipType' action='get' select='name'/></Relationships></Item>
  was obtained from cache
************* End of reference checking ************
Item successfully applied(add)   id : F60782C6BAEB4A37A75714FFE8D014D2    keyed_name : CAD_Search_Properties    type : Form  
Adding item in packdefinition  id  F60782C6BAEB4A37A75714FFE8D014D2 type Form
Item already exist in packdefinition  id  F60782C6BAEB4A37A75714FFE8D014D2 type Form
Processing (add)   id : B9C124FE9E274DE1AB4A6101E63BC92C    keyed_name : MessageIntegration    type : Form  
********** Start of reference checking ************
checking for Bad property
<Item type='ItemType' action='get' select='id'><name>Form</name><Relationships><Item type='Property' action='get' select='name'/><Item type='RelationshipType' action='get' select='name'/></Relationships></Item>
  was obtained from cache
checking for Bad property
<Item type='ItemType' action='get' select='id'><name>Body</name><Relationships><Item type='Property' action='get' select='name'/><Item type='RelationshipType' action='get' select='name'/></Relationships></Item>
  was obtained from cache
checking for Bad property
<Item type='ItemType' action='get' select='id'><name>Field</name><Relationships><Item type='Property' action='get' select='name'/><Item type='RelationshipType' action='get' select='name'/></Relationships></Item>
  was obtained from cache
checking for Bad property
<Item type='ItemType' action='get' select='id'><name>Field</name><Relationships><Item type='Property' action='get' select='name'/><Item type='RelationshipType' action='get' select='name'/></Relationships></Item>
  was obtained from cache
checking for Bad property
<Item type='ItemType' action='get' select='id'><name>Field</name><Relationships><Item type='Property' action='get' select='name'/><Item type='RelationshipType' action='get' select='name'/></Relationships></Item>
  was obtained from cache
checking for Bad property
<Item type='ItemType' action='get' select='id'><name>Field</name><Relationships><Item type='Property' action='get' select='name'/><Item type='RelationshipType' action='get' select='name'/></Relationships></Item>
  was obtained from cache
checking for Bad property
<Item type='ItemType' action='get' select='id'><name>Field</name><Relationships><Item type='Property' action='get' select='name'/><Item type='RelationshipType' action='get' select='name'/></Relationships></Item>
  was obtained from cache
checking for Bad property
<Item type='ItemType' action='get' select='id'><name>Field</name><Relationships><Item type='Property' action='get' select='name'/><Item type='RelationshipType' action='get' select='name'/></Relationships></Item>
  was obtained from cache
checking for Bad property
<Item type='ItemType' action='get' select='id'><name>Field</name><Relationships><Item type='Property' action='get' select='name'/><Item type='RelationshipType' action='get' select='name'/></Relationships></Item>
  was obtained from cache
************* End of reference checking ************
Item successfully applied(add)   id : B9C124FE9E274DE1AB4A6101E63BC92C    keyed_name : MessageIntegration    type : Form  
Adding item in packdefinition  id  B9C124FE9E274DE1AB4A6101E63BC92C type Form
Item already exist in packdefinition  id  B9C124FE9E274DE1AB4A6101E63BC92C type Form
Processing (add)   id : 40ACC3B536E84DAEB8CC0AA4FC7F5DA5    keyed_name : CADIntegration_Bug    type : ItemType  
********** Start of reference checking ************
checking item with get action:<Item type="Identity" action="get" select="id"><name>World</name></Item>
-> was obtained from cache
checking item with get action:<Item type="Identity" action="get" select="id"><name>World</name></Item>
-> was obtained from cache
checking for Bad property
<Item type='ItemType' action='get' select='id'><name>ItemType</name><Relationships><Item type='Property' action='get' select='name'/><Item type='RelationshipType' action='get' select='name'/></Relationships></Item>
  was obtained from cache
checking for Bad property
<Item type='ItemType' action='get' select='id'><name>Property</name><Relationships><Item type='Property' action='get' select='name'/><Item type='RelationshipType' action='get' select='name'/></Relationships></Item>
  was obtained from cache
checking for Bad property
<Item type='ItemType' action='get' select='id'><name>Property</name><Relationships><Item type='Property' action='get' select='name'/><Item type='RelationshipType' action='get' select='name'/></Relationships></Item>
  was obtained from cache
checking for Bad property
<Item type='ItemType' action='get' select='id'><name>Property</name><Relationships><Item type='Property' action='get' select='name'/><Item type='RelationshipType' action='get' select='name'/></Relationships></Item>
  was obtained from cache
checking for Bad property
<Item type='ItemType' action='get' select='id'><name>Property</name><Relationships><Item type='Property' action='get' select='name'/><Item type='RelationshipType' action='get' select='name'/></Relationships></Item>
  was obtained from cache
checking for Bad property
<Item type='ItemType' action='get' select='id'><name>View</name><Relationships><Item type='Property' action='get' select='name'/><Item type='RelationshipType' action='get' select='name'/></Relationships></Item>
  was obtained from cache
checking for Bad property
<Item type='ItemType' action='get' select='id'><name>TOC Access</name><Relationships><Item type='Property' action='get' select='name'/><Item type='RelationshipType' action='get' select='name'/></Relationships></Item>
  was obtained from cache
checking for Bad property
<Item type='ItemType' action='get' select='id'><name>TOC View</name><Relationships><Item type='Property' action='get' select='name'/><Item type='RelationshipType' action='get' select='name'/></Relationships></Item>
  was obtained from cache
checking for Bad property
<Item type='ItemType' action='get' select='id'><name>Can Add</name><Relationships><Item type='Property' action='get' select='name'/><Item type='RelationshipType' action='get' select='name'/></Relationships></Item>
  was obtained from cache
checking for Bad property
<Item type='ItemType' action='get' select='id'><name>Allowed Permission</name><Relationships><Item type='Property' action='get' select='name'/><Item type='RelationshipType' action='get' select='name'/></Relationships></Item>
  was obtained from cache
checking <data_source> reference to the ItemType
<Item type='ItemType' action='get' select='id'><name>File</name></Item>
  was obtained from cache
checking for related items
<Item type='Form' action='get' levels='0'><id>194278DEEB7E4A4BAF258A6A6101A45F</id></Item>
   was obtained from cache
checking for related items
<Item type='Identity' action='get' levels='0'><id>2618D6F5A90949BAA7E920D1B04C7EE1</id></Item>
   was obtained from cache
checking for related items
<Item type='Identity' action='get' levels='0'><id>2618D6F5A90949BAA7E920D1B04C7EE1</id></Item>
   was obtained from cache
checking for related items
<Item type='Permission' action='get' levels='0'><id>9122CD065CF04141B8EFE263FC80BEA4</id></Item>
   was obtained from cache
************* End of reference checking ************
Item successfully applied(add)   id : 40ACC3B536E84DAEB8CC0AA4FC7F5DA5    keyed_name : CADIntegration_Bug    type : ItemType  
Adding item in packdefinition  id  40ACC3B536E84DAEB8CC0AA4FC7F5DA5 type ItemType
Item already exist in packdefinition  id  40ACC3B536E84DAEB8CC0AA4FC7F5DA5 type ItemType
Processing (add)   id : CB5C7DEB95F749709209FDB110717281    keyed_name : CADIntegration_Setting    type : ItemType  
********** Start of reference checking ************
checking item with get action:<Item type="Identity" action="get" select="id"><name>World</name></Item>
-> was obtained from cache
checking for Bad property
<Item type='ItemType' action='get' select='id'><name>ItemType</name><Relationships><Item type='Property' action='get' select='name'/><Item type='RelationshipType' action='get' select='name'/></Relationships></Item>
  was obtained from cache
checking for Bad property
<Item type='ItemType' action='get' select='id'><name>Property</name><Relationships><Item type='Property' action='get' select='name'/><Item type='RelationshipType' action='get' select='name'/></Relationships></Item>
  was obtained from cache
checking for Bad property
<Item type='ItemType' action='get' select='id'><name>Property</name><Relationships><Item type='Property' action='get' select='name'/><Item type='RelationshipType' action='get' select='name'/></Relationships></Item>
  was obtained from cache
checking for Bad property
<Item type='ItemType' action='get' select='id'><name>Property</name><Relationships><Item type='Property' action='get' select='name'/><Item type='RelationshipType' action='get' select='name'/></Relationships></Item>
  was obtained from cache
checking for Bad property
<Item type='ItemType' action='get' select='id'><name>Property</name><Relationships><Item type='Property' action='get' select='name'/><Item type='RelationshipType' action='get' select='name'/></Relationships></Item>
  was obtained from cache
checking for Bad property
<Item type='ItemType' action='get' select='id'><name>View</name><Relationships><Item type='Property' action='get' select='name'/><Item type='RelationshipType' action='get' select='name'/></Relationships></Item>
  was obtained from cache
checking for Bad property
<Item type='ItemType' action='get' select='id'><name>TOC Access</name><Relationships><Item type='Property' action='get' select='name'/><Item type='RelationshipType' action='get' select='name'/></Relationships></Item>
  was obtained from cache
checking for Bad property
<Item type='ItemType' action='get' select='id'><name>TOC View</name><Relationships><Item type='Property' action='get' select='name'/><Item type='RelationshipType' action='get' select='name'/></Relationships></Item>
  was obtained from cache
checking for Bad property
<Item type='ItemType' action='get' select='id'><name>Can Add</name><Relationships><Item type='Property' action='get' select='name'/><Item type='RelationshipType' action='get' select='name'/></Relationships></Item>
  was obtained from cache
checking for Bad property
<Item type='ItemType' action='get' select='id'><name>Allowed Permission</name><Relationships><Item type='Property' action='get' select='name'/><Item type='RelationshipType' action='get' select='name'/></Relationships></Item>
  was obtained from cache
checking <data_source> reference to list/sequence
<Item action='get' type='list' select='id'><id>11A953CA5A5E4BCD8EC9758C7E4B6E92</id></Item>
  was obtained from cache
checking for related items
<Item type='Form' action='get' levels='0'><id>CCAB6AC74C414A4189089A6CC82467BF</id></Item>
   was obtained from cache
checking for related items
<Item type='Identity' action='get' levels='0'><id>2618D6F5A90949BAA7E920D1B04C7EE1</id></Item>
   was obtained from cache
checking for related items
<Item type='Identity' action='get' levels='0'><id>2618D6F5A90949BAA7E920D1B04C7EE1</id></Item>
   was obtained from cache
checking for related items
<Item type='Identity' action='get' levels='0'><id>2618D6F5A90949BAA7E920D1B04C7EE1</id></Item>
   was obtained from cache
checking for related items
<Item type='Permission' action='get' levels='0'><id>9122CD065CF04141B8EFE263FC80BEA4</id></Item>
   was obtained from cache
************* End of reference checking ************
Item successfully applied(add)   id : CB5C7DEB95F749709209FDB110717281    keyed_name : CADIntegration_Setting    type : ItemType  
Adding item in packdefinition  id  CB5C7DEB95F749709209FDB110717281 type ItemType
Item already exist in packdefinition  id  CB5C7DEB95F749709209FDB110717281 type ItemType
Processing (edit)   id : CB5C7DEB95F749709209FDB110717281     type : ItemType  
********** Start of reference checking ************
checking for Bad property
<Item type='ItemType' action='get' select='id'><name>ItemType</name><Relationships><Item type='Property' action='get' select='name'/><Item type='RelationshipType' action='get' select='name'/></Relationships></Item>
  was obtained from cache
checking for Bad property
<Item type='ItemType' action='get' select='id'><name>Property</name><Relationships><Item type='Property' action='get' select='name'/><Item type='RelationshipType' action='get' select='name'/></Relationships></Item>
  was obtained from cache
checking for Bad property
<Item type='ItemType' action='get' select='id'><name>Property</name><Relationships><Item type='Property' action='get' select='name'/><Item type='RelationshipType' action='get' select='name'/></Relationships></Item>
  was obtained from cache
checking <data_source> reference to the ItemType
<Item type='ItemType' action='get' select='id'><name>Team</name></Item>
  was obtained from cache
************* End of reference checking ************
Item successfully applied(edit)   id : CB5C7DEB95F749709209FDB110717281     type : ItemType  
Processing (add)   id : 5446D50A449E4EEE948494C1E98BFA58    keyed_name : MessageIntegration    type : ItemType  
********** Start of reference checking ************
checking item with get action:<Item type="Identity" action="get" select="id"><name>World</name></Item>
-> was obtained from cache
checking item with get action:<Item type="Identity" action="get" select="id"><name>World</name></Item>
-> was obtained from cache
checking for Bad property
<Item type='ItemType' action='get' select='id'><name>ItemType</name><Relationships><Item type='Property' action='get' select='name'/><Item type='RelationshipType' action='get' select='name'/></Relationships></Item>
  was obtained from cache
checking for Bad property
<Item type='ItemType' action='get' select='id'><name>Property</name><Relationships><Item type='Property' action='get' select='name'/><Item type='RelationshipType' action='get' select='name'/></Relationships></Item>
  was obtained from cache
checking for Bad property
<Item type='ItemType' action='get' select='id'><name>Property</name><Relationships><Item type='Property' action='get' select='name'/><Item type='RelationshipType' action='get' select='name'/></Relationships></Item>
  was obtained from cache
checking for Bad property
<Item type='ItemType' action='get' select='id'><name>Property</name><Relationships><Item type='Property' action='get' select='name'/><Item type='RelationshipType' action='get' select='name'/></Relationships></Item>
  was obtained from cache
checking for Bad property
<Item type='ItemType' action='get' select='id'><name>Property</name><Relationships><Item type='Property' action='get' select='name'/><Item type='RelationshipType' action='get' select='name'/></Relationships></Item>
  was obtained from cache
checking for Bad property
<Item type='ItemType' action='get' select='id'><name>Property</name><Relationships><Item type='Property' action='get' select='name'/><Item type='RelationshipType' action='get' select='name'/></Relationships></Item>
  was obtained from cache
checking for Bad property
<Item type='ItemType' action='get' select='id'><name>Property</name><Relationships><Item type='Property' action='get' select='name'/><Item type='RelationshipType' action='get' select='name'/></Relationships></Item>
  was obtained from cache
checking for Bad property
<Item type='ItemType' action='get' select='id'><name>View</name><Relationships><Item type='Property' action='get' select='name'/><Item type='RelationshipType' action='get' select='name'/></Relationships></Item>
  was obtained from cache
checking for Bad property
<Item type='ItemType' action='get' select='id'><name>TOC Access</name><Relationships><Item type='Property' action='get' select='name'/><Item type='RelationshipType' action='get' select='name'/></Relationships></Item>
  was obtained from cache
checking for Bad property
<Item type='ItemType' action='get' select='id'><name>TOC View</name><Relationships><Item type='Property' action='get' select='name'/><Item type='RelationshipType' action='get' select='name'/></Relationships></Item>
  was obtained from cache
checking for Bad property
<Item type='ItemType' action='get' select='id'><name>Can Add</name><Relationships><Item type='Property' action='get' select='name'/><Item type='RelationshipType' action='get' select='name'/></Relationships></Item>
  was obtained from cache
checking for Bad property
<Item type='ItemType' action='get' select='id'><name>Allowed Permission</name><Relationships><Item type='Property' action='get' select='name'/><Item type='RelationshipType' action='get' select='name'/></Relationships></Item>
  was obtained from cache
checking for related items
<Item type='Form' action='get' levels='0'><id>B9C124FE9E274DE1AB4A6101E63BC92C</id></Item>
   was obtained from cache
checking for related items
<Item type='Identity' action='get' levels='0'><id>2618D6F5A90949BAA7E920D1B04C7EE1</id></Item>
   was obtained from cache
checking for related items
<Item type='Identity' action='get' levels='0'><id>2618D6F5A90949BAA7E920D1B04C7EE1</id></Item>
   was obtained from cache
checking for related items
<Item type='Permission' action='get' levels='0'><id>9122CD065CF04141B8EFE263FC80BEA4</id></Item>
   was obtained from cache
************* End of reference checking ************
Item successfully applied(add)   id : 5446D50A449E4EEE948494C1E98BFA58    keyed_name : MessageIntegration    type : ItemType  
Adding item in packdefinition  id  5446D50A449E4EEE948494C1E98BFA58 type ItemType
Item already exist in packdefinition  id  5446D50A449E4EEE948494C1E98BFA58 type ItemType
Processing (add)   id : 07E49AC0013D42C198BB8B00C1BB6DF0    keyed_name : AutoCAD_PlotSetting    type : RelationshipType  
********** Start of reference checking ************
checking item with get action:<Item type="Identity" action="get" select="id"><name>World</name></Item>
-> was obtained from cache
checking for Bad property
<Item type='ItemType' action='get' select='id'><name>RelationshipType</name><Relationships><Item type='Property' action='get' select='name'/><Item type='RelationshipType' action='get' select='name'/></Relationships></Item>
  was obtained from cache
checking for related items
<Item type='Form' action='get' levels='0'><id>5B30D563331144039287FB01F4097ABF</id></Item>
   was obtained from cache
checking RelationshipType's source_id,related_id
<Item levels='0' action='get' type='ItemType'><id>CB5C7DEB95F749709209FDB110717281</id></Item>
  was obtained from cache
************* End of reference checking ************
Item successfully applied(add)   id : 07E49AC0013D42C198BB8B00C1BB6DF0    keyed_name : AutoCAD_PlotSetting    type : RelationshipType  
Adding item in packdefinition  id  07E49AC0013D42C198BB8B00C1BB6DF0 type RelationshipType
Item already exist in packdefinition  id  07E49AC0013D42C198BB8B00C1BB6DF0 type RelationshipType
Processing (add)   id : 5CDC101423E04493B311BA4506531F9C    keyed_name : CAD_Mapping_Properties    type : RelationshipType  
********** Start of reference checking ************
checking item with get action:<Item type="Identity" action="get" select="id"><name>World</name></Item>
-> was obtained from cache
checking for Bad property
<Item type='ItemType' action='get' select='id'><name>RelationshipType</name><Relationships><Item type='Property' action='get' select='name'/><Item type='RelationshipType' action='get' select='name'/></Relationships></Item>
  was obtained from cache
checking for related items
<Item type='Form' action='get' levels='0'><id>A18BC1D5F1384B84B872CF3A3958DB9A</id></Item>
   was obtained from cache
checking RelationshipType's source_id,related_id
<Item levels='0' action='get' type='ItemType'><id>CB5C7DEB95F749709209FDB110717281</id></Item>
  was obtained from cache
************* End of reference checking ************
Item successfully applied(add)   id : 5CDC101423E04493B311BA4506531F9C    keyed_name : CAD_Mapping_Properties    type : RelationshipType  
Adding item in packdefinition  id  5CDC101423E04493B311BA4506531F9C type RelationshipType
Item already exist in packdefinition  id  5CDC101423E04493B311BA4506531F9C type RelationshipType
Processing (add)   id : 7FF2384A47504929B93EF77C9E1ECE70    keyed_name : CAD_Result_Properties    type : RelationshipType  
********** Start of reference checking ************
checking item with get action:<Item type="Identity" action="get" select="id"><name>World</name></Item>
-> was obtained from cache
checking for Bad property
<Item type='ItemType' action='get' select='id'><name>RelationshipType</name><Relationships><Item type='Property' action='get' select='name'/><Item type='RelationshipType' action='get' select='name'/></Relationships></Item>
  was obtained from cache
checking <data_source> reference to the ItemType
<Item type='ItemType' action='get' select='id'><name>Property</name></Item>
  was obtained from cache
checking for related items
<Item type='Form' action='get' levels='0'><id>244F311181464236B3C888945B2A1E58</id></Item>
   was obtained from cache
checking RelationshipType's source_id,related_id
<Item levels='0' action='get' type='ItemType'><id>CB5C7DEB95F749709209FDB110717281</id></Item>
  was obtained from cache
************* End of reference checking ************
Item successfully applied(add)   id : 7FF2384A47504929B93EF77C9E1ECE70    keyed_name : CAD_Result_Properties    type : RelationshipType  
Adding item in packdefinition  id  7FF2384A47504929B93EF77C9E1ECE70 type RelationshipType
Item already exist in packdefinition  id  7FF2384A47504929B93EF77C9E1ECE70 type RelationshipType
Processing (add)   id : 87EAF5B1405F40BE9D21BEF6568F25E0    keyed_name : CAD_Search_Properties    type : RelationshipType  
********** Start of reference checking ************
checking item with get action:<Item type="Identity" action="get" select="id"><name>World</name></Item>
-> was obtained from cache
checking for Bad property
<Item type='ItemType' action='get' select='id'><name>RelationshipType</name><Relationships><Item type='Property' action='get' select='name'/><Item type='RelationshipType' action='get' select='name'/></Relationships></Item>
  was obtained from cache
checking <data_source> reference to the ItemType
<Item type='ItemType' action='get' select='id'><name>Property</name></Item>
  was obtained from cache
checking for related items
<Item type='Form' action='get' levels='0'><id>F60782C6BAEB4A37A75714FFE8D014D2</id></Item>
   was obtained from cache
checking RelationshipType's source_id,related_id
<Item levels='0' action='get' type='ItemType'><id>CB5C7DEB95F749709209FDB110717281</id></Item>
  was obtained from cache
************* End of reference checking ************
Item successfully applied(add)   id : 87EAF5B1405F40BE9D21BEF6568F25E0    keyed_name : CAD_Search_Properties    type : RelationshipType  
Adding item in packdefinition  id  87EAF5B1405F40BE9D21BEF6568F25E0 type RelationshipType
Item already exist in packdefinition  id  87EAF5B1405F40BE9D21BEF6568F25E0 type RelationshipType
Processing (edit)   id : B2F680F6DD7E423EADB02D90140FDFEC     type : Field  
********** Start of reference checking ************
checking item with get action:<Item type="Property" action="get" select="id"><name>classification</name><source_id type="ItemType" keyed_name="CADIntegration_Setting">CB5C7DEB95F749709209FDB110717281</source_id></Item>
-> was obtained from cache
checking for Bad property
<Item type='ItemType' action='get' select='id'><name>Field</name><Relationships><Item type='Property' action='get' select='name'/><Item type='RelationshipType' action='get' select='name'/></Relationships></Item>
  was obtained from cache
************* End of reference checking ************
Item successfully applied(edit)   id : B2F680F6DD7E423EADB02D90140FDFEC     type : Field  
completed
Updating tltc.cad.integration to success release status
Set "World" value  for "Logon Allowed To" variable
end of execution : 3/21/2018 2:41:08 PM
